<?xml version="1.0" encoding="UTF-8"?>
<testng-results skipped="0" failed="0" ignored="0" total="1" passed="1">
  <reporter-output>
  </reporter-output>
  <suite name="BDD Test Suite" duration-ms="161409" started-at="2020-08-27T11:45:54Z" finished-at="2020-08-27T11:48:36Z">
    <groups>
      <group name="cucumber">
        <method signature="TestRunner.feature(cucumber.api.testng.CucumberFeatureWrapper)[pri:0, instance:com.moodys.qats.test.TestRunner@3532ec19]" name="feature" class="com.moodys.qats.test.TestRunner"/>
      </group> <!-- cucumber -->
    </groups>
    <test name="MeerQATS-Acceptance" duration-ms="161409" started-at="2020-08-27T11:45:54Z" finished-at="2020-08-27T11:48:36Z">
      <class name="com.moodys.qats.test.TestRunner">
        <test-method status="PASS" signature="setUpClass()[pri:0, instance:com.moodys.qats.test.TestRunner@3532ec19]" name="setUpClass" is-config="true" duration-ms="266" started-at="2020-08-27T11:45:54Z" finished-at="2020-08-27T11:45:55Z">
          <reporter-output>
          </reporter-output>
        </test-method> <!-- setUpClass -->
        <test-method status="PASS" signature="feature(cucumber.api.testng.CucumberFeatureWrapper)[pri:0, instance:com.moodys.qats.test.TestRunner@3532ec19]" name="feature" duration-ms="161001" started-at="2020-08-27T11:45:55Z" description="Runs Cucumber Feature" data-provider="features" finished-at="2020-08-27T11:48:36Z">
          <params>
            <param index="0">
              <value>
                <![CDATA[Manager functionalities]]>
              </value>
            </param>
          </params>
          <reporter-output>
          </reporter-output>
        </test-method> <!-- feature -->
        <test-method status="PASS" signature="tearDownClass()[pri:0, instance:com.moodys.qats.test.TestRunner@3532ec19]" name="tearDownClass" is-config="true" duration-ms="28" started-at="2020-08-27T11:48:36Z" finished-at="2020-08-27T11:48:36Z">
          <reporter-output>
          </reporter-output>
        </test-method> <!-- tearDownClass -->
      </class> <!-- com.moodys.qats.test.TestRunner -->
    </test> <!-- MeerQATS-Acceptance -->
  </suite> <!-- BDD Test Suite -->
</testng-results>
